app/build/intermediates/manifest_merge_blame_file/debug/manifest-merger-blame-debug-report.txt
1<?xml version="1.0" encoding="utf-8"?>
2<manifest xmlns:android="http://schemas.android.com/apk/res/android"
3    package="com.abzave.finances"
4    android:versionCode="1"
5    android:versionName="1.0" >
6
7    <uses-sdk
8        android:minSdkVersion="24"
8-->src\main\AndroidManifest.xml
9        android:targetSdkVersion="29" />
9-->src\main\AndroidManifest.xml
10
11    <uses-permission android:name="android.permission.WRITE_EXTERNAL_STORAGE" />
11-->src\main\AndroidManifest.xml:5:5-80
11-->src\main\AndroidManifest.xml:5:22-78
12    <uses-permission android:name="android.permission.READ_EXTERNAL_STORAGE" />
12-->src\main\AndroidManifest.xml:6:5-79
12-->src\main\AndroidManifest.xml:6:22-77
13
14    <application
14-->src\main\AndroidManifest.xml:8:5-27:19
15        android:allowBackup="true"
15-->src\main\AndroidManifest.xml:9:9-35
16        android:appComponentFactory="androidx.core.app.CoreComponentFactory"
16-->[androidx.core:core:1.5.0-beta01] AndroidManifest.xml:24:18-86
17        android:debuggable="true"
18        android:icon="@mipmap/ic_launcher"
18-->src\main\AndroidManifest.xml:10:9-43
19        android:label="@string/app_name"
19-->src\main\AndroidManifest.xml:11:9-41
20        android:roundIcon="@mipmap/ic_launcher_round"
20-->src\main\AndroidManifest.xml:12:9-54
21        android:supportsRtl="true"
21-->src\main\AndroidManifest.xml:13:9-35
22        android:testOnly="true"
23        android:theme="@style/AppTheme" >
23-->src\main\AndroidManifest.xml:14:9-40
24        <activity
24-->src\main\AndroidManifest.xml:15:9-108
25            android:name="com.abzave.finances.activity.Chart"
25-->src\main\AndroidManifest.xml:15:19-49
26            android:configChanges="orientation|screenSize" />
26-->src\main\AndroidManifest.xml:15:50-96
27        <activity
27-->src\main\AndroidManifest.xml:16:9-104
28            android:name="com.abzave.finances.activity.TotalAmount"
28-->src\main\AndroidManifest.xml:16:19-55
29            android:configChanges="orientation|screenSize" />
29-->src\main\AndroidManifest.xml:16:56-102
30        <activity
30-->src\main\AndroidManifest.xml:17:9-103
31            android:name="com.abzave.finances.activity.Stadistics"
31-->src\main\AndroidManifest.xml:17:19-54
32            android:configChanges="orientation|screenSize" />
32-->src\main\AndroidManifest.xml:17:55-101
33        <activity
33-->src\main\AndroidManifest.xml:18:9-108
34            android:name="com.abzave.finances.activity.ExpenditureView"
34-->src\main\AndroidManifest.xml:18:19-59
35            android:configChanges="orientation|screenSize" />
35-->src\main\AndroidManifest.xml:18:60-106
36        <activity
36-->src\main\AndroidManifest.xml:19:9-101
37            android:name="com.abzave.finances.activity.AddEntry"
37-->src\main\AndroidManifest.xml:19:19-52
38            android:configChanges="orientation|screenSize" />
38-->src\main\AndroidManifest.xml:19:53-99
39        <activity android:name="com.abzave.finances.activity.MainActivity" >
39-->src\main\AndroidManifest.xml:20:9-26:20
39-->src\main\AndroidManifest.xml:20:19-56
40            <intent-filter>
40-->src\main\AndroidManifest.xml:21:13-25:29
41                <action android:name="android.intent.action.MAIN" />
41-->src\main\AndroidManifest.xml:22:17-69
41-->src\main\AndroidManifest.xml:22:25-66
42
43                <category android:name="android.intent.category.LAUNCHER" />
43-->src\main\AndroidManifest.xml:24:17-77
43-->src\main\AndroidManifest.xml:24:27-74
44            </intent-filter>
45        </activity>
46    </application>
47
48</manifest>